# JRE version: Java(TM) SE Runtime Environment (8.0_92-b14) (build 1.8.0_92-b14)
# Java VM: Java HotSpot(TM) Client VM (25.92-b14 mixed mode windows-x86 )
Heap:
 def new generation   total 39424K, used 27827K [0x0fa00000, 0x124c0000, 0x24f50000)
  eden space 35072K,  77% used [0x0fa00000, 0x1146a3d0, 0x11c40000)
  from space 4352K,  17% used [0x12080000, 0x121429d0, 0x124c0000)
  to   space 4352K,   0% used [0x11c40000, 0x11c40000, 0x12080000)
 tenured generation   total 87424K, used 61786K [0x24f50000, 0x2a4b0000, 0x4fa00000)
   the space 87424K,  70% used [0x24f50000, 0x28ba6a70, 0x28ba6c00, 0x2a4b0000)
 Metaspace       used 34025K, capacity 35833K, committed 35968K, reserved 36224K
GC Heap History (10 events):
Event: 14312.648 GC heap before
{Heap before GC invocations=58 (full 3):
 def new generation   total 39424K, used 35826K [0x0fa00000, 0x124c0000, 0x24f50000)
  eden space 35072K, 100% used [0x0fa00000, 0x11c40000, 0x11c40000)
  from space 4352K,  17% used [0x11c40000, 0x11cfc848, 0x12080000)
  to   space 4352K,   0% used [0x12080000, 0x12080000, 0x124c0000)
 tenured generation   total 87424K, used 61641K [0x24f50000, 0x2a4b0000, 0x4fa00000)
   the space 87424K,  70% used [0x24f50000, 0x28b82518, 0x28b82600, 0x2a4b0000)
 Metaspace       used 33991K, capacity 35759K, committed 35840K, reserved 36224K
Event: 14312.653 GC heap after
Heap after GC invocations=59 (full 3):
 def new generation   total 39424K, used 658K [0x0fa00000, 0x124c0000, 0x24f50000)
  eden space 35072K,   0% used [0x0fa00000, 0x0fa00000, 0x11c40000)
  from space 4352K,  15% used [0x12080000, 0x12124810, 0x124c0000)
  to   space 4352K,   0% used [0x11c40000, 0x11c40000, 0x12080000)
 tenured generation   total 87424K, used 61683K [0x24f50000, 0x2a4b0000, 0x4fa00000)
   the space 87424K,  70% used [0x24f50000, 0x28b8ccf0, 0x28b8ce00, 0x2a4b0000)
 Metaspace       used 33991K, capacity 35759K, committed 35840K, reserved 36224K
}
Event: 14351.890 GC heap before
{Heap before GC invocations=59 (full 3):
 def new generation   total 39424K, used 35730K [0x0fa00000, 0x124c0000, 0x24f50000)
  eden space 35072K, 100% used [0x0fa00000, 0x11c40000, 0x11c40000)
  from space 4352K,  15% used [0x12080000, 0x12124810, 0x124c0000)
  to   space 4352K,   0% used [0x11c40000, 0x11c40000, 0x12080000)
 tenured generation   total 87424K, used 61683K [0x24f50000, 0x2a4b0000, 0x4fa00000)
   the space 87424K,  70% used [0x24f50000, 0x28b8ccf0, 0x28b8ce00, 0x2a4b0000)
 Metaspace       used 33991K, capacity 35759K, committed 35840K, reserved 36224K
Event: 14351.893 GC heap after
Heap after GC invocations=60 (full 3):
 def new generation   total 39424K, used 558K [0x0fa00000, 0x124c0000, 0x24f50000)
  eden space 35072K,   0% used [0x0fa00000, 0x0fa00000, 0x11c40000)
  from space 4352K,  12% used [0x11c40000, 0x11ccb8e8, 0x12080000)
  to   space 4352K,   0% used [0x12080000, 0x12080000, 0x124c0000)
 tenured generation   total 87424K, used 61720K [0x24f50000, 0x2a4b0000, 0x4fa00000)
   the space 87424K,  70% used [0x24f50000, 0x28b962a8, 0x28b96400, 0x2a4b0000)
 Metaspace       used 33991K, capacity 35759K, committed 35840K, reserved 36224K
}
Event: 14375.165 GC heap before
{Heap before GC invocations=60 (full 3):
 def new generation   total 39424K, used 35630K [0x0fa00000, 0x124c0000, 0x24f50000)
  eden space 35072K, 100% used [0x0fa00000, 0x11c40000, 0x11c40000)
  from space 4352K,  12% used [0x11c40000, 0x11ccb8e8, 0x12080000)
  to   space 4352K,   0% used [0x12080000, 0x12080000, 0x124c0000)
 tenured generation   total 87424K, used 61720K [0x24f50000, 0x2a4b0000, 0x4fa00000)
   the space 87424K,  70% used [0x24f50000, 0x28b962a8, 0x28b96400, 0x2a4b0000)
 Metaspace       used 33992K, capacity 35762K, committed 35840K, reserved 36224K
Event: 14375.169 GC heap after
Heap after GC invocations=61 (full 3):
 def new generation   total 39424K, used 694K [0x0fa00000, 0x124c0000, 0x24f50000)
  eden space 35072K,   0% used [0x0fa00000, 0x0fa00000, 0x11c40000)
  from space 4352K,  15% used [0x12080000, 0x1212d838, 0x124c0000)
  to   space 4352K,   0% used [0x11c40000, 0x11c40000, 0x12080000)
 tenured generation   total 87424K, used 61726K [0x24f50000, 0x2a4b0000, 0x4fa00000)
   the space 87424K,  70% used [0x24f50000, 0x28b97898, 0x28b97a00, 0x2a4b0000)
 Metaspace       used 33992K, capacity 35762K, committed 35840K, reserved 36224K
}
Event: 14439.419 GC heap before
{Heap before GC invocations=61 (full 3):
 def new generation   total 39424K, used 35766K [0x0fa00000, 0x124c0000, 0x24f50000)
  eden space 35072K, 100% used [0x0fa00000, 0x11c40000, 0x11c40000)
  from space 4352K,  15% used [0x12080000, 0x1212d838, 0x124c0000)
  to   space 4352K,   0% used [0x11c40000, 0x11c40000, 0x12080000)
 tenured generation   total 87424K, used 61726K [0x24f50000, 0x2a4b0000, 0x4fa00000)
   the space 87424K,  70% used [0x24f50000, 0x28b97898, 0x28b97a00, 0x2a4b0000)
 Metaspace       used 33992K, capacity 35762K, committed 35840K, reserved 36224K
Event: 14439.425 GC heap after
Heap after GC invocations=62 (full 3):
 def new generation   total 39424K, used 699K [0x0fa00000, 0x124c0000, 0x24f50000)
  eden space 35072K,   0% used [0x0fa00000, 0x0fa00000, 0x11c40000)
  from space 4352K,  16% used [0x11c40000, 0x11ceef48, 0x12080000)
  to   space 4352K,   0% used [0x12080000, 0x12080000, 0x124c0000)
 tenured generation   total 87424K, used 61778K [0x24f50000, 0x2a4b0000, 0x4fa00000)
   the space 87424K,  70% used [0x24f50000, 0x28ba4b78, 0x28ba4c00, 0x2a4b0000)
 Metaspace       used 33992K, capacity 35762K, committed 35840K, reserved 36224K
}
Event: 14978.904 GC heap before
{Heap before GC invocations=62 (full 3):
 def new generation   total 39424K, used 35771K [0x0fa00000, 0x124c0000, 0x24f50000)
  eden space 35072K, 100% used [0x0fa00000, 0x11c40000, 0x11c40000)
  from space 4352K,  16% used [0x11c40000, 0x11ceef48, 0x12080000)
  to   space 4352K,   0% used [0x12080000, 0x12080000, 0x124c0000)
 tenured generation   total 87424K, used 61778K [0x24f50000, 0x2a4b0000, 0x4fa00000)
   the space 87424K,  70% used [0x24f50000, 0x28ba4b78, 0x28ba4c00, 0x2a4b0000)
 Metaspace       used 33994K, capacity 35764K, committed 35840K, reserved 36224K
Event: 14978.907 GC heap after
Heap after GC invocations=63 (full 3):
 def new generation   total 39424K, used 778K [0x0fa00000, 0x124c0000, 0x24f50000)
  eden space 35072K,   0% used [0x0fa00000, 0x0fa00000, 0x11c40000)
  from space 4352K,  17% used [0x12080000, 0x121429d0, 0x124c0000)
  to   space 4352K,   0% used [0x11c40000, 0x11c40000, 0x12080000)
 tenured generation   total 87424K, used 61786K [0x24f50000, 0x2a4b0000, 0x4fa00000)
   the space 87424K,  70% used [0x24f50000, 0x28ba6a70, 0x28ba6c00, 0x2a4b0000)
 Metaspace       used 33994K, capacity 35764K, committed 35840K, reserved 36224K
}

